<?xml version="1.0" encoding="UTF-8"?>
<testsuite name="com.ynabauto.infrastructure.persistence.FlywayMigrationTest" tests="5" skipped="0" failures="0" errors="0" timestamp="2026-04-01T07:00:59.926Z" hostname="runnervmrg6be" time="0.049">
  <properties/>
  <testcase name="V1 migration creates app_config table with correct columns()" classname="com.ynabauto.infrastructure.persistence.FlywayMigrationTest" time="0.007"/>
  <testcase name="V1 migration creates amazon_orders table with correct columns()" classname="com.ynabauto.infrastructure.persistence.FlywayMigrationTest" time="0.003"/>
  <testcase name="V1 migration creates sync_logs table with correct columns()" classname="com.ynabauto.infrastructure.persistence.FlywayMigrationTest" time="0.004"/>
  <testcase name="amazon_orders email_message_id has a unique constraint()" classname="com.ynabauto.infrastructure.persistence.FlywayMigrationTest" time="0.009"/>
  <testcase name="V1 migration creates category_rules table with correct columns()" classname="com.ynabauto.infrastructure.persistence.FlywayMigrationTest" time="0.004"/>
  <system-out><![CDATA[2026-04-01T07:00:59.928Z  INFO 4192 --- [    Test worker] t.c.s.AnnotationConfigContextLoaderUtils : Could not detect default configuration classes for test class [com.ynabauto.infrastructure.persistence.FlywayMigrationTest]: FlywayMigrationTest does not declare any static, non-private, non-final, nested classes annotated with @Configuration.
2026-04-01T07:00:59.942Z  INFO 4192 --- [    Test worker] .b.t.c.SpringBootTestContextBootstrapper : Found @SpringBootConfiguration com.ynabauto.Application for test class com.ynabauto.infrastructure.persistence.FlywayMigrationTest
]]></system-out>
  <system-err><![CDATA[]]></system-err>
</testsuite>
